
RAxML-NG v. 0.5.1b BETA released on 01.12.2017 by The Exelixis Lab.
Authors: Alexey Kozlov, Alexandros Stamatakis, Diego Darriba, Tomas Flouri, Benoit Morel.
Latest version: https://github.com/amkozlov/raxml-ng
Questions/problems/suggestions? Please visit: https://groups.google.com/forum/#!forum/raxml

WARNING: This is a BETA release, please use at your own risk!

RAxML-NG was called as follows:

./raxml-ng --msa HBV geno&subgenotypes.fas --model GTR+G --tree random{10}

Analysis options:
  run mode: ML tree search
  start tree(s): random (10)
  random seed: 1521924147
  tip-inner: ON
  pattern compression: ON
  per-rate scalers: OFF
  site repeats: OFF
  fast spr radius: AUTO
  spr subtree cutoff: 1.000000
  branch lengths: ML estimate (linked)
  SIMD kernels: AVX
  parallelization: PTHREADS (4 threads)

[00:00:00] Reading alignment from file: HBV geno&subgenotypes.fas
[00:00:00] Loaded alignment with 110 taxa and 3078 sites

Alignment comprises 1 partitions and 1383 patterns

Partition 0: noname
Model: GTR+FO+G4m
Alignment sites / patterns: 3078 / 1383
Gaps: 0.06 %
Invariant sites: 53.15 %


[00:00:00] Generating random starting tree(s) with 110 taxa
[00:00:00] Data distribution: partitions/thread: 1-1, patterns/thread: 345-346

Starting ML tree search with 10 distinct starting trees

[00:01:30] ML tree search #1, logLikelihood: -39818.072503
[00:03:20] ML tree search #2, logLikelihood: -39818.076364
[00:05:25] ML tree search #3, logLikelihood: -39818.079867
[00:07:24] ML tree search #4, logLikelihood: -39820.234753
[00:09:51] ML tree search #5, logLikelihood: -39820.225128
[00:12:23] ML tree search #6, logLikelihood: -39820.221082
[00:14:57] ML tree search #7, logLikelihood: -39818.073568
[00:17:38] ML tree search #8, logLikelihood: -39820.223365
[00:20:20] ML tree search #9, logLikelihood: -39818.072499
[00:23:23] ML tree search #10, logLikelihood: -39818.073792

Optimized model parameters:

   Partition 0: noname
   Rate heterogeneity: GAMMA (4 cats, mean),  alpha: 0.304238 (ML),  weights&rates: (0.250000,0.005645) (0.250000,0.107796) (0.250000,0.602852) (0.250000,3.283707) 
   Base frequencies (ML): 0.245967 0.261993 0.201044 0.290996 
   Substitution rates (ML): 2.009284 4.467073 1.214021 0.707030 3.475657 1.000000 

Final LogLikelihood: -39818.072499

All ML trees saved to: /home/theodora/Downloads/software/raxml-ng_v0.5.1b_linux_x86_64/HBV geno&subgenotypes.fas.raxml.mlTrees
Best ML tree saved to: /home/theodora/Downloads/software/raxml-ng_v0.5.1b_linux_x86_64/HBV geno&subgenotypes.fas.raxml.bestTree
Optimized model saved to: /home/theodora/Downloads/software/raxml-ng_v0.5.1b_linux_x86_64/HBV geno&subgenotypes.fas.raxml.bestModel

Execution log saved to: /home/theodora/Downloads/software/raxml-ng_v0.5.1b_linux_x86_64/HBV geno&subgenotypes.fas.raxml.log

Analysis started: 24-Mar-2018 21:42:27 / finished: 24-Mar-2018 22:05:51

Elapsed time: 1403.876 seconds

